<?xml version="1.0" encoding="UTF-8"?>
<!-- Generated by org.testng.reporters.JUnitXMLReporter -->
<testsuite hostname="PAVANKUMAR" failures="0" tests="3" name="Chrome_Windows10_Test" time="83.529" errors="0" timestamp="12 Jun 2023 10:06:51 GMT">
  <testcase classname="com.lamdatest.tests.LamdaAssesmentTest" name="Scenario_2Test" time="3.238"/>
  <testcase classname="com.lamdatest.tests.LamdaAssesmentTest" name="Scenario_1Test" time="4.552"/>
  <testcase classname="com.lamdatest.tests.LamdaAssesmentTest" name="Scenario_3Test" time="16.629"/>
</testsuite> <!-- Chrome_Windows10_Test -->
