<?xml version="1.0" encoding="UTF-8"?>
<!-- Generated by org.testng.reporters.JUnitXMLReporter -->
<testsuite hostname="SRAVAN-PC" failures="0" tests="3" name="Chrome_Windows10_Test" time="70.759" errors="0" timestamp="21 Jan 2024 14:54:10 GMT">
  <testcase classname="com.lamdatest.tests.LamdaCerificationAssesmentTest" name="Scenario_SimpleformdemoTest" time="3.625"/>
  <testcase classname="com.lamdatest.tests.LamdaCerificationAssesmentTest" name="Scenario_DragandDropTest" time="2.54"/>
  <testcase classname="com.lamdatest.tests.LamdaCerificationAssesmentTest" name="Scenario_FormSubmitTest" time="12.498"/>
</testsuite> <!-- Chrome_Windows10_Test -->
