<?xml version="1.0" encoding="UTF-8"?>
<!-- Generated by org.testng.reporters.JUnitXMLReporter -->
<testsuite hostname="SRAVAN-PC" failures="0" tests="3" name="Edge_Mac_Test" time="42.602" errors="0" timestamp="21 Jan 2024 14:54:53 GMT">
  <testcase classname="com.lamdatest.tests.LamdaCerificationAssesmentTest" name="Scenario_SimpleformdemoTest" time="3.139"/>
  <testcase classname="com.lamdatest.tests.LamdaCerificationAssesmentTest" name="Scenario_DragandDropTest" time="2.631"/>
  <testcase classname="com.lamdatest.tests.LamdaCerificationAssesmentTest" name="Scenario_FormSubmitTest" time="11.873"/>
</testsuite> <!-- Edge_Mac_Test -->
