<?xml version="1.0" encoding="UTF-8"?>
<!-- Generated by org.testng.reporters.JUnitXMLReporter -->
<testsuite hostname="PAVANKUMAR" failures="0" tests="3" name="Edge_Mac_Test" time="43.29" errors="0" timestamp="12 Jun 2023 10:07:35 GMT">
  <testcase classname="com.lamdatest.tests.LamdaAssesmentTest" name="Scenario_1Test" time="3.924"/>
  <testcase classname="com.lamdatest.tests.LamdaAssesmentTest" name="Scenario_3Test" time="14.399"/>
  <testcase classname="com.lamdatest.tests.LamdaAssesmentTest" name="Scenario_2Test" time="3.294"/>
</testsuite> <!-- Edge_Mac_Test -->
