<?xml version="1.0" encoding="UTF-8"?>
<!-- Generated by org.testng.reporters.JUnitXMLReporter -->
<testsuite hostname="SRAVAN-PC" failures="0" tests="3" name="Firefox_Windows7_Test" time="34.321" errors="0" timestamp="21 Jan 2024 14:55:27 GMT">
  <testcase classname="com.lamdatest.tests.LamdaCerificationAssesmentTest" name="Scenario_DragandDropTest" time="1.941"/>
  <testcase classname="com.lamdatest.tests.LamdaCerificationAssesmentTest" name="Scenario_FormSubmitTest" time="10.874"/>
  <testcase classname="com.lamdatest.tests.LamdaCerificationAssesmentTest" name="Scenario_SimpleformdemoTest" time="2.577"/>
</testsuite> <!-- Firefox_Windows7_Test -->
