<?xml version="1.0" encoding="UTF-8"?>
<!-- Generated by org.testng.reporters.JUnitXMLReporter -->
<testsuite hostname="PAVANKUMAR" failures="0" tests="3" name="Firefox_Windows7_Test" time="37.076" errors="0" timestamp="12 Jun 2023 10:08:12 GMT">
  <testcase classname="com.lamdatest.tests.LamdaAssesmentTest" name="Scenario_1Test" time="3.805"/>
  <testcase classname="com.lamdatest.tests.LamdaAssesmentTest" name="Scenario_3Test" time="12.936"/>
  <testcase classname="com.lamdatest.tests.LamdaAssesmentTest" name="Scenario_2Test" time="2.454"/>
</testsuite> <!-- Firefox_Windows7_Test -->
