<?xml version="1.0" encoding="UTF-8"?>
<testng-results total="12" passed="10" failed="2" skipped="0">
  <reporter-output>
    <line>
      <![CDATA[Successfully navigated to simple-form-demo page]]>
    </line>
    <line>
      <![CDATA[Value Entered Welcome to LambdaTest is successfully reflected as same in your message section]]>
    </line>
    <line>
      <![CDATA[Successfully drag and dropped to 95 Value]]>
    </line>
    <line>
      <![CDATA[Thanks for contacting us, we will get back to you shortly. is Displayed]]>
    </line>
    <line>
      <![CDATA[Successfully navigated to simple-form-demo page]]>
    </line>
    <line>
      <![CDATA[Value Entered Welcome to LambdaTest is successfully reflected as same in your message section]]>
    </line>
    <line>
      <![CDATA[Successfully drag and dropped to 95 Value]]>
    </line>
    <line>
      <![CDATA[Thanks for contacting us, we will get back to you shortly. is Displayed]]>
    </line>
    <line>
      <![CDATA[Successfully drag and dropped to 95 Value]]>
    </line>
    <line>
      <![CDATA[Thanks for contacting us, we will get back to you shortly. is Displayed]]>
    </line>
    <line>
      <![CDATA[Successfully navigated to simple-form-demo page]]>
    </line>
    <line>
      <![CDATA[Value Entered Welcome to LambdaTest is successfully reflected as same in your message section]]>
    </line>
    <line>
      <![CDATA[Successfully navigated to simple-form-demo page]]>
    </line>
    <line>
      <![CDATA[Value Entered Welcome to LambdaTest is successfully reflected as same in your message section]]>
    </line>
  </reporter-output>
  <suite started-at="2024-01-21T14:52:59Z" name="LamdaTestSuite" finished-at="2024-01-21T14:56:01Z" duration-ms="181583">
    <groups>
    </groups>
    <test started-at="2024-01-21T14:52:59Z" name="Chrome_Windows10_Test" finished-at="2024-01-21T14:54:10Z" duration-ms="70759">
      <class name="com.lamdatest.tests.LamdaCerificationAssesmentTest">
        <test-method is-config="true" signature="setUp(java.lang.String, java.lang.String, java.lang.String)[pri:0, instance:com.lamdatest.tests.LamdaCerificationAssesmentTest@14f9390f]" started-at="2024-01-21T20:22:59Z" name="setUp" finished-at="2024-01-21T20:23:21Z" duration-ms="21411" status="PASS">
          <params>
            <param index="0">
              <value>
                <![CDATA[chrome]]>
              </value>
            </param>
            <param index="1">
              <value>
                <![CDATA[88.0]]>
              </value>
            </param>
            <param index="2">
              <value>
                <![CDATA[WIN10]]>
              </value>
            </param>
          </params>
          <reporter-output>
          </reporter-output>
        </test-method> <!-- setUp -->
        <test-method is-config="true" signature="setUp(java.lang.String, java.lang.String, java.lang.String)[pri:0, instance:com.lamdatest.tests.LamdaCerificationAssesmentTest@14f9390f]" started-at="2024-01-21T20:22:59Z" name="setUp" finished-at="2024-01-21T20:23:57Z" duration-ms="57849" status="PASS">
          <params>
            <param index="0">
              <value>
                <![CDATA[chrome]]>
              </value>
            </param>
            <param index="1">
              <value>
                <![CDATA[88.0]]>
              </value>
            </param>
            <param index="2">
              <value>
                <![CDATA[WIN10]]>
              </value>
            </param>
          </params>
          <reporter-output>
          </reporter-output>
        </test-method> <!-- setUp -->
        <test-method is-config="true" signature="setUp(java.lang.String, java.lang.String, java.lang.String)[pri:0, instance:com.lamdatest.tests.LamdaCerificationAssesmentTest@14f9390f]" started-at="2024-01-21T20:22:59Z" name="setUp" finished-at="2024-01-21T20:23:37Z" duration-ms="37456" status="PASS">
          <params>
            <param index="0">
              <value>
                <![CDATA[chrome]]>
              </value>
            </param>
            <param index="1">
              <value>
                <![CDATA[88.0]]>
              </value>
            </param>
            <param index="2">
              <value>
                <![CDATA[WIN10]]>
              </value>
            </param>
          </params>
          <reporter-output>
          </reporter-output>
        </test-method> <!-- setUp -->
        <test-method signature="Scenario_SimpleformdemoTest()[pri:0, instance:com.lamdatest.tests.LamdaCerificationAssesmentTest@14f9390f]" started-at="2024-01-21T20:23:21Z" name="Scenario_SimpleformdemoTest" finished-at="2024-01-21T20:23:25Z" duration-ms="3625" status="PASS">
          <reporter-output>
            <line>
              <![CDATA[Successfully navigated to simple-form-demo page]]>
            </line>
            <line>
              <![CDATA[Value Entered Welcome to LambdaTest is successfully reflected as same in your message section]]>
            </line>
          </reporter-output>
        </test-method> <!-- Scenario_SimpleformdemoTest -->
        <test-method is-config="true" signature="tearDown()[pri:0, instance:com.lamdatest.tests.LamdaCerificationAssesmentTest@14f9390f]" started-at="2024-01-21T20:23:25Z" name="tearDown" finished-at="2024-01-21T20:23:25Z" duration-ms="321" status="PASS">
          <reporter-output>
          </reporter-output>
        </test-method> <!-- tearDown -->
        <test-method signature="Scenario_DragandDropTest()[pri:0, instance:com.lamdatest.tests.LamdaCerificationAssesmentTest@14f9390f]" started-at="2024-01-21T20:23:37Z" name="Scenario_DragandDropTest" finished-at="2024-01-21T20:23:39Z" duration-ms="2540" status="PASS">
          <reporter-output>
            <line>
              <![CDATA[Successfully drag and dropped to 95 Value]]>
            </line>
          </reporter-output>
        </test-method> <!-- Scenario_DragandDropTest -->
        <test-method is-config="true" signature="tearDown()[pri:0, instance:com.lamdatest.tests.LamdaCerificationAssesmentTest@14f9390f]" started-at="2024-01-21T20:23:39Z" name="tearDown" finished-at="2024-01-21T20:23:40Z" duration-ms="327" status="PASS">
          <reporter-output>
          </reporter-output>
        </test-method> <!-- tearDown -->
        <test-method signature="Scenario_FormSubmitTest()[pri:0, instance:com.lamdatest.tests.LamdaCerificationAssesmentTest@14f9390f]" started-at="2024-01-21T20:23:57Z" name="Scenario_FormSubmitTest" finished-at="2024-01-21T20:24:10Z" duration-ms="12498" status="PASS">
          <reporter-output>
            <line>
              <![CDATA[Thanks for contacting us, we will get back to you shortly. is Displayed]]>
            </line>
          </reporter-output>
        </test-method> <!-- Scenario_FormSubmitTest -->
        <test-method is-config="true" signature="tearDown()[pri:0, instance:com.lamdatest.tests.LamdaCerificationAssesmentTest@14f9390f]" started-at="2024-01-21T20:24:10Z" name="tearDown" finished-at="2024-01-21T20:24:10Z" duration-ms="275" status="PASS">
          <reporter-output>
          </reporter-output>
        </test-method> <!-- tearDown -->
      </class> <!-- com.lamdatest.tests.LamdaCerificationAssesmentTest -->
    </test> <!-- Chrome_Windows10_Test -->
    <test started-at="2024-01-21T14:54:10Z" name="Edge_Mac_Test" finished-at="2024-01-21T14:54:53Z" duration-ms="42602">
      <class name="com.lamdatest.tests.LamdaCerificationAssesmentTest">
        <test-method is-config="true" signature="setUp(java.lang.String, java.lang.String, java.lang.String)[pri:0, instance:com.lamdatest.tests.LamdaCerificationAssesmentTest@436c81a3]" started-at="2024-01-21T20:24:10Z" name="setUp" finished-at="2024-01-21T20:24:26Z" duration-ms="15696" status="PASS">
          <params>
            <param index="0">
              <value>
                <![CDATA[edge]]>
              </value>
            </param>
            <param index="1">
              <value>
                <![CDATA[87.0]]>
              </value>
            </param>
            <param index="2">
              <value>
                <![CDATA[macOS Sierra]]>
              </value>
            </param>
          </params>
          <reporter-output>
          </reporter-output>
        </test-method> <!-- setUp -->
        <test-method is-config="true" signature="setUp(java.lang.String, java.lang.String, java.lang.String)[pri:0, instance:com.lamdatest.tests.LamdaCerificationAssesmentTest@436c81a3]" started-at="2024-01-21T20:24:10Z" name="setUp" finished-at="2024-01-21T20:24:41Z" duration-ms="30444" status="PASS">
          <params>
            <param index="0">
              <value>
                <![CDATA[edge]]>
              </value>
            </param>
            <param index="1">
              <value>
                <![CDATA[87.0]]>
              </value>
            </param>
            <param index="2">
              <value>
                <![CDATA[macOS Sierra]]>
              </value>
            </param>
          </params>
          <reporter-output>
          </reporter-output>
        </test-method> <!-- setUp -->
        <test-method is-config="true" signature="setUp(java.lang.String, java.lang.String, java.lang.String)[pri:0, instance:com.lamdatest.tests.LamdaCerificationAssesmentTest@436c81a3]" started-at="2024-01-21T20:24:10Z" name="setUp" finished-at="2024-01-21T20:24:24Z" duration-ms="13462" status="PASS">
          <params>
            <param index="0">
              <value>
                <![CDATA[edge]]>
              </value>
            </param>
            <param index="1">
              <value>
                <![CDATA[87.0]]>
              </value>
            </param>
            <param index="2">
              <value>
                <![CDATA[macOS Sierra]]>
              </value>
            </param>
          </params>
          <reporter-output>
          </reporter-output>
        </test-method> <!-- setUp -->
        <test-method signature="Scenario_SimpleformdemoTest()[pri:0, instance:com.lamdatest.tests.LamdaCerificationAssesmentTest@436c81a3]" started-at="2024-01-21T20:24:24Z" name="Scenario_SimpleformdemoTest" finished-at="2024-01-21T20:24:27Z" duration-ms="3139" status="PASS">
          <reporter-output>
            <line>
              <![CDATA[Successfully navigated to simple-form-demo page]]>
            </line>
            <line>
              <![CDATA[Value Entered Welcome to LambdaTest is successfully reflected as same in your message section]]>
            </line>
          </reporter-output>
        </test-method> <!-- Scenario_SimpleformdemoTest -->
        <test-method signature="Scenario_DragandDropTest()[pri:0, instance:com.lamdatest.tests.LamdaCerificationAssesmentTest@436c81a3]" started-at="2024-01-21T20:24:26Z" name="Scenario_DragandDropTest" finished-at="2024-01-21T20:24:29Z" duration-ms="2631" status="PASS">
          <reporter-output>
            <line>
              <![CDATA[Successfully drag and dropped to 95 Value]]>
            </line>
          </reporter-output>
        </test-method> <!-- Scenario_DragandDropTest -->
        <test-method is-config="true" signature="tearDown()[pri:0, instance:com.lamdatest.tests.LamdaCerificationAssesmentTest@436c81a3]" started-at="2024-01-21T20:24:27Z" name="tearDown" finished-at="2024-01-21T20:24:27Z" duration-ms="290" status="PASS">
          <reporter-output>
          </reporter-output>
        </test-method> <!-- tearDown -->
        <test-method is-config="true" signature="tearDown()[pri:0, instance:com.lamdatest.tests.LamdaCerificationAssesmentTest@436c81a3]" started-at="2024-01-21T20:24:29Z" name="tearDown" finished-at="2024-01-21T20:24:29Z" duration-ms="273" status="PASS">
          <reporter-output>
          </reporter-output>
        </test-method> <!-- tearDown -->
        <test-method signature="Scenario_FormSubmitTest()[pri:0, instance:com.lamdatest.tests.LamdaCerificationAssesmentTest@436c81a3]" started-at="2024-01-21T20:24:41Z" name="Scenario_FormSubmitTest" finished-at="2024-01-21T20:24:53Z" duration-ms="11873" status="PASS">
          <reporter-output>
            <line>
              <![CDATA[Thanks for contacting us, we will get back to you shortly. is Displayed]]>
            </line>
          </reporter-output>
        </test-method> <!-- Scenario_FormSubmitTest -->
        <test-method is-config="true" signature="tearDown()[pri:0, instance:com.lamdatest.tests.LamdaCerificationAssesmentTest@436c81a3]" started-at="2024-01-21T20:24:53Z" name="tearDown" finished-at="2024-01-21T20:24:53Z" duration-ms="264" status="PASS">
          <reporter-output>
          </reporter-output>
        </test-method> <!-- tearDown -->
      </class> <!-- com.lamdatest.tests.LamdaCerificationAssesmentTest -->
    </test> <!-- Edge_Mac_Test -->
    <test started-at="2024-01-21T14:54:53Z" name="Firefox_Windows7_Test" finished-at="2024-01-21T14:55:27Z" duration-ms="34321">
      <class name="com.lamdatest.tests.LamdaCerificationAssesmentTest">
        <test-method is-config="true" signature="setUp(java.lang.String, java.lang.String, java.lang.String)[pri:0, instance:com.lamdatest.tests.LamdaCerificationAssesmentTest@56c4278e]" started-at="2024-01-21T20:24:53Z" name="setUp" finished-at="2024-01-21T20:25:06Z" duration-ms="12707" status="PASS">
          <params>
            <param index="0">
              <value>
                <![CDATA[firefox]]>
              </value>
            </param>
            <param index="1">
              <value>
                <![CDATA[82.0]]>
              </value>
            </param>
            <param index="2">
              <value>
                <![CDATA[WIN7]]>
              </value>
            </param>
          </params>
          <reporter-output>
          </reporter-output>
        </test-method> <!-- setUp -->
        <test-method is-config="true" signature="setUp(java.lang.String, java.lang.String, java.lang.String)[pri:0, instance:com.lamdatest.tests.LamdaCerificationAssesmentTest@56c4278e]" started-at="2024-01-21T20:24:53Z" name="setUp" finished-at="2024-01-21T20:25:24Z" duration-ms="31141" status="PASS">
          <params>
            <param index="0">
              <value>
                <![CDATA[firefox]]>
              </value>
            </param>
            <param index="1">
              <value>
                <![CDATA[82.0]]>
              </value>
            </param>
            <param index="2">
              <value>
                <![CDATA[WIN7]]>
              </value>
            </param>
          </params>
          <reporter-output>
          </reporter-output>
        </test-method> <!-- setUp -->
        <test-method is-config="true" signature="setUp(java.lang.String, java.lang.String, java.lang.String)[pri:0, instance:com.lamdatest.tests.LamdaCerificationAssesmentTest@56c4278e]" started-at="2024-01-21T20:24:53Z" name="setUp" finished-at="2024-01-21T20:25:11Z" duration-ms="18447" status="PASS">
          <params>
            <param index="0">
              <value>
                <![CDATA[firefox]]>
              </value>
            </param>
            <param index="1">
              <value>
                <![CDATA[82.0]]>
              </value>
            </param>
            <param index="2">
              <value>
                <![CDATA[WIN7]]>
              </value>
            </param>
          </params>
          <reporter-output>
          </reporter-output>
        </test-method> <!-- setUp -->
        <test-method signature="Scenario_DragandDropTest()[pri:0, instance:com.lamdatest.tests.LamdaCerificationAssesmentTest@56c4278e]" started-at="2024-01-21T20:25:06Z" name="Scenario_DragandDropTest" finished-at="2024-01-21T20:25:08Z" duration-ms="1941" status="PASS">
          <reporter-output>
            <line>
              <![CDATA[Successfully drag and dropped to 95 Value]]>
            </line>
          </reporter-output>
        </test-method> <!-- Scenario_DragandDropTest -->
        <test-method is-config="true" signature="tearDown()[pri:0, instance:com.lamdatest.tests.LamdaCerificationAssesmentTest@56c4278e]" started-at="2024-01-21T20:25:08Z" name="tearDown" finished-at="2024-01-21T20:25:08Z" duration-ms="590" status="PASS">
          <reporter-output>
          </reporter-output>
        </test-method> <!-- tearDown -->
        <test-method signature="Scenario_FormSubmitTest()[pri:0, instance:com.lamdatest.tests.LamdaCerificationAssesmentTest@56c4278e]" started-at="2024-01-21T20:25:11Z" name="Scenario_FormSubmitTest" finished-at="2024-01-21T20:25:22Z" duration-ms="10874" status="PASS">
          <reporter-output>
            <line>
              <![CDATA[Thanks for contacting us, we will get back to you shortly. is Displayed]]>
            </line>
          </reporter-output>
        </test-method> <!-- Scenario_FormSubmitTest -->
        <test-method is-config="true" signature="tearDown()[pri:0, instance:com.lamdatest.tests.LamdaCerificationAssesmentTest@56c4278e]" started-at="2024-01-21T20:25:22Z" name="tearDown" finished-at="2024-01-21T20:25:23Z" duration-ms="609" status="PASS">
          <reporter-output>
          </reporter-output>
        </test-method> <!-- tearDown -->
        <test-method signature="Scenario_SimpleformdemoTest()[pri:0, instance:com.lamdatest.tests.LamdaCerificationAssesmentTest@56c4278e]" started-at="2024-01-21T20:25:24Z" name="Scenario_SimpleformdemoTest" finished-at="2024-01-21T20:25:27Z" duration-ms="2577" status="PASS">
          <reporter-output>
            <line>
              <![CDATA[Successfully navigated to simple-form-demo page]]>
            </line>
            <line>
              <![CDATA[Value Entered Welcome to LambdaTest is successfully reflected as same in your message section]]>
            </line>
          </reporter-output>
        </test-method> <!-- Scenario_SimpleformdemoTest -->
        <test-method is-config="true" signature="tearDown()[pri:0, instance:com.lamdatest.tests.LamdaCerificationAssesmentTest@56c4278e]" started-at="2024-01-21T20:25:27Z" name="tearDown" finished-at="2024-01-21T20:25:27Z" duration-ms="585" status="PASS">
          <reporter-output>
          </reporter-output>
        </test-method> <!-- tearDown -->
      </class> <!-- com.lamdatest.tests.LamdaCerificationAssesmentTest -->
    </test> <!-- Firefox_Windows7_Test -->
    <test started-at="2024-01-21T14:55:27Z" name="IE_Windows10_Test" finished-at="2024-01-21T14:56:01Z" duration-ms="33624">
      <class name="com.lamdatest.tests.LamdaCerificationAssesmentTest">
        <test-method is-config="true" signature="setUp(java.lang.String, java.lang.String, java.lang.String)[pri:0, instance:com.lamdatest.tests.LamdaCerificationAssesmentTest@6f19ac19]" started-at="2024-01-21T20:25:27Z" name="setUp" finished-at="2024-01-21T20:25:58Z" duration-ms="30488" status="PASS">
          <params>
            <param index="0">
              <value>
                <![CDATA[ie]]>
              </value>
            </param>
            <param index="1">
              <value>
                <![CDATA[11.0]]>
              </value>
            </param>
            <param index="2">
              <value>
                <![CDATA[WIN10]]>
              </value>
            </param>
          </params>
          <reporter-output>
          </reporter-output>
        </test-method> <!-- setUp -->
        <test-method is-config="true" signature="setUp(java.lang.String, java.lang.String, java.lang.String)[pri:0, instance:com.lamdatest.tests.LamdaCerificationAssesmentTest@6f19ac19]" started-at="2024-01-21T20:25:27Z" name="setUp" finished-at="2024-01-21T20:25:48Z" duration-ms="20947" status="PASS">
          <params>
            <param index="0">
              <value>
                <![CDATA[ie]]>
              </value>
            </param>
            <param index="1">
              <value>
                <![CDATA[11.0]]>
              </value>
            </param>
            <param index="2">
              <value>
                <![CDATA[WIN10]]>
              </value>
            </param>
          </params>
          <reporter-output>
          </reporter-output>
        </test-method> <!-- setUp -->
        <test-method is-config="true" signature="setUp(java.lang.String, java.lang.String, java.lang.String)[pri:0, instance:com.lamdatest.tests.LamdaCerificationAssesmentTest@6f19ac19]" started-at="2024-01-21T20:25:27Z" name="setUp" finished-at="2024-01-21T20:25:36Z" duration-ms="8310" status="PASS">
          <params>
            <param index="0">
              <value>
                <![CDATA[ie]]>
              </value>
            </param>
            <param index="1">
              <value>
                <![CDATA[11.0]]>
              </value>
            </param>
            <param index="2">
              <value>
                <![CDATA[WIN10]]>
              </value>
            </param>
          </params>
          <reporter-output>
          </reporter-output>
        </test-method> <!-- setUp -->
        <test-method signature="Scenario_FormSubmitTest()[pri:0, instance:com.lamdatest.tests.LamdaCerificationAssesmentTest@6f19ac19]" started-at="2024-01-21T20:25:36Z" name="Scenario_FormSubmitTest" finished-at="2024-01-21T20:25:39Z" duration-ms="2882" status="FAIL">
          <exception class="java.lang.AssertionError">
            <message>
              <![CDATA[expected [true] but found [false]]]>
            </message>
            <full-stacktrace>
              <![CDATA[java.lang.AssertionError: expected [true] but found [false]
	at org.testng.Assert.fail(Assert.java:94)
	at org.testng.Assert.failNotEquals(Assert.java:496)
	at org.testng.Assert.assertTrue(Assert.java:42)
	at org.testng.Assert.assertTrue(Assert.java:52)
	at com.lamdatest.tests.LamdaCerificationAssesmentTest.Scenario_FormSubmitTest(LamdaCerificationAssesmentTest.java:65)
	at java.base/jdk.internal.reflect.NativeMethodAccessorImpl.invoke0(Native Method)
	at java.base/jdk.internal.reflect.NativeMethodAccessorImpl.invoke(NativeMethodAccessorImpl.java:62)
	at java.base/jdk.internal.reflect.DelegatingMethodAccessorImpl.invoke(DelegatingMethodAccessorImpl.java:43)
	at java.base/java.lang.reflect.Method.invoke(Method.java:566)
	at org.testng.internal.MethodInvocationHelper.invokeMethod(MethodInvocationHelper.java:85)
	at org.testng.internal.Invoker.invokeMethod(Invoker.java:639)
	at org.testng.internal.Invoker.invokeTestMethod(Invoker.java:816)
	at org.testng.internal.Invoker.invokeTestMethods(Invoker.java:1124)
	at org.testng.internal.TestMethodWorker.invokeTestMethods(TestMethodWorker.java:125)
	at org.testng.internal.TestMethodWorker.run(TestMethodWorker.java:108)
	at java.base/java.util.concurrent.ThreadPoolExecutor.runWorker(ThreadPoolExecutor.java:1128)
	at java.base/java.util.concurrent.ThreadPoolExecutor$Worker.run(ThreadPoolExecutor.java:628)
	at java.base/java.lang.Thread.run(Thread.java:834)
]]>
            </full-stacktrace>
          </exception> <!-- java.lang.AssertionError -->
          <reporter-output>
          </reporter-output>
        </test-method> <!-- Scenario_FormSubmitTest -->
        <test-method is-config="true" signature="tearDown()[pri:0, instance:com.lamdatest.tests.LamdaCerificationAssesmentTest@6f19ac19]" started-at="2024-01-21T20:25:39Z" name="tearDown" finished-at="2024-01-21T20:25:39Z" duration-ms="266" status="PASS">
          <reporter-output>
          </reporter-output>
        </test-method> <!-- tearDown -->
        <test-method signature="Scenario_SimpleformdemoTest()[pri:0, instance:com.lamdatest.tests.LamdaCerificationAssesmentTest@6f19ac19]" started-at="2024-01-21T20:25:48Z" name="Scenario_SimpleformdemoTest" finished-at="2024-01-21T20:25:52Z" duration-ms="3841" status="PASS">
          <reporter-output>
            <line>
              <![CDATA[Successfully navigated to simple-form-demo page]]>
            </line>
            <line>
              <![CDATA[Value Entered Welcome to LambdaTest is successfully reflected as same in your message section]]>
            </line>
          </reporter-output>
        </test-method> <!-- Scenario_SimpleformdemoTest -->
        <test-method is-config="true" signature="tearDown()[pri:0, instance:com.lamdatest.tests.LamdaCerificationAssesmentTest@6f19ac19]" started-at="2024-01-21T20:25:52Z" name="tearDown" finished-at="2024-01-21T20:25:52Z" duration-ms="229" status="PASS">
          <reporter-output>
          </reporter-output>
        </test-method> <!-- tearDown -->
        <test-method signature="Scenario_DragandDropTest()[pri:0, instance:com.lamdatest.tests.LamdaCerificationAssesmentTest@6f19ac19]" started-at="2024-01-21T20:25:58Z" name="Scenario_DragandDropTest" finished-at="2024-01-21T20:26:01Z" duration-ms="2903" status="FAIL">
          <exception class="java.lang.AssertionError">
            <message>
              <![CDATA[expected [95] but found [51]]]>
            </message>
            <full-stacktrace>
              <![CDATA[java.lang.AssertionError: expected [95] but found [51]
	at org.testng.Assert.fail(Assert.java:94)
	at org.testng.Assert.failNotEquals(Assert.java:496)
	at org.testng.Assert.assertEquals(Assert.java:125)
	at org.testng.Assert.assertEquals(Assert.java:178)
	at org.testng.Assert.assertEquals(Assert.java:188)
	at com.lamdatest.tests.LamdaCerificationAssesmentTest.Scenario_DragandDropTest(LamdaCerificationAssesmentTest.java:50)
	at java.base/jdk.internal.reflect.NativeMethodAccessorImpl.invoke0(Native Method)
	at java.base/jdk.internal.reflect.NativeMethodAccessorImpl.invoke(NativeMethodAccessorImpl.java:62)
	at java.base/jdk.internal.reflect.DelegatingMethodAccessorImpl.invoke(DelegatingMethodAccessorImpl.java:43)
	at java.base/java.lang.reflect.Method.invoke(Method.java:566)
	at org.testng.internal.MethodInvocationHelper.invokeMethod(MethodInvocationHelper.java:85)
	at org.testng.internal.Invoker.invokeMethod(Invoker.java:639)
	at org.testng.internal.Invoker.invokeTestMethod(Invoker.java:816)
	at org.testng.internal.Invoker.invokeTestMethods(Invoker.java:1124)
	at org.testng.internal.TestMethodWorker.invokeTestMethods(TestMethodWorker.java:125)
	at org.testng.internal.TestMethodWorker.run(TestMethodWorker.java:108)
	at java.base/java.util.concurrent.ThreadPoolExecutor.runWorker(ThreadPoolExecutor.java:1128)
	at java.base/java.util.concurrent.ThreadPoolExecutor$Worker.run(ThreadPoolExecutor.java:628)
	at java.base/java.lang.Thread.run(Thread.java:834)
]]>
            </full-stacktrace>
          </exception> <!-- java.lang.AssertionError -->
          <reporter-output>
          </reporter-output>
        </test-method> <!-- Scenario_DragandDropTest -->
        <test-method is-config="true" signature="tearDown()[pri:0, instance:com.lamdatest.tests.LamdaCerificationAssesmentTest@6f19ac19]" started-at="2024-01-21T20:26:01Z" name="tearDown" finished-at="2024-01-21T20:26:01Z" duration-ms="221" status="PASS">
          <reporter-output>
          </reporter-output>
        </test-method> <!-- tearDown -->
      </class> <!-- com.lamdatest.tests.LamdaCerificationAssesmentTest -->
    </test> <!-- IE_Windows10_Test -->
  </suite> <!-- LamdaTestSuite -->
</testng-results>
